        -:    0:Source:C:/Users/JackyChang/Desktop/tutorial/RailSystem/src/sprint.adb
        -:    0:Programs:38
        -:    1:with Ada.Text_IO; use Ada.Text_IO;
        -:    2:package body sPrint is
       56:    3:   procedure Print(s: in String) is
        -:    4:   begin
       56:    5:      if s = "" then
    #####:    6:         New_Line;
        -:    7:      else
       56:    8:         Put_Line(s);
        -:    9:      end if;
       56:   10:   end Print;
        -:   11:
       72:   12:   procedure Print_Natural(s: in String; n: in Natural)
        -:   13:   is
        -:   14:   begin
       72:   15:      Put_Line(s &":  "& n'Image);
       72:   16:   end Print_Natural;
        -:   17:
        -:   18:
       36:   19:   procedure Print_Train_State(s: in String; n: in TYPES.Train_State)
        -:   20:   is
        -:   21:   begin
       36:   22:      Put_Line(s &":  "& n'Image);
        -:   23:
       36:   24:   end Print_Train_State;
        -:   25:
        -:   26:
       56:   27:   procedure Print_Station_Locations(s: in String; n: in TYPES.Station_Locations)
        -:   28:   is
        -:   29:   begin
       56:   30:      Put_Line(s &":  "& n'Image);
       56:   31:   end Print_Station_Locations;
        -:   32:
        -:   33:
        -:   34:end sPrint;
