        -:    0:Source:C:/Users/JackyChang/Desktop/tutorial/RailSystem/src/tracks.ads
        -:    0:Programs:38
        -:    1:with TYPES;
        -:    2:
        -:    3:package Tracks
        -:    4:--  is
        -:    5:with SPARK_Mode=>On is
        -:    6:
   586694:    7:   type Track is
        -:    8:      record
        -:    9:         ID: Natural:=0;
        -:   10:         Origin:TYPES.Station_Locations:=TYPES.No;
        -:   11:         Destination:TYPES.Station_Locations:=TYPES.No;
        -:   12:         TrainID: Natural:=0;
        -:   13:         TracksLineOrigin: TYPES.Station_Locations:=TYPES.No;
        -:   14:         TracksLineDestination: TYPES.Station_Locations:=TYPES.No;
        -:   15:   end record;
        -:   16:
        -:   17:--     procedure setOriginAndDestination (track_r: in out Track; O: in TYPES.Station_Locations; D: in TYPES.Station_Locations);
        -:   18:--     procedure Init(track_r: in out Track);
        -:   19:end Tracks;
