        -:    0:Source:C:/Users/JackyChang/Desktop/RailSystem/src/Tracks.ads
        -:    0:Programs:41
        -:    1:with TYPES;
        -:    2:
        -:    3:package Tracks
        -:    4:--  is
        -:    5:with SPARK_Mode is
        -:    6:
       42:    7:   type Track is
        -:    8:      record
        -:    9:         ID: TYPES.MAX_SIZE := 0;
        -:   10:         Origin:TYPES.Origin_Type:=TYPES.No;
        -:   11:         Destination:TYPES.Destination_Type:=TYPES.No;
        -:   12:   end record;
        -:   13:
        -:   14:   procedure setOriginAndDestination (track_r: in out Track; O: in TYPES.Origin_Type; D: in TYPES.Destination_Type);
        -:   15:
        -:   16:end Tracks;
