        -:    0:Source:C:/Users/JackyChang/Desktop/RailSystem/src/types.ads
        -:    0:Programs:41
        -:    1:with List;
        -:    2:package TYPES is
        -:    3:   type MAX_SIZE is RANGE 0..100;
        -:    4:   type Location_State_Type is (L_Track, L_Station, L_Non);
    #####:    5:   type Location_Type is array ( Location_State_Type ) of Integer;
        -:    6:   type Origin_Type is (No,LowerHutt, UpperHutt, Wellington, Johnsonville);
        -:    7:   type Destination_Type is (No, LowerHutt, UpperHutt, Wellington, Johnsonville);
        -:    8:   type Station_Locations is (LowerHutt, UpperHutt, Petone, Wellington, Khandallah, CroftonDowns, Ngaio, Johnsonville);
    #####:    9:   type trackIDsArray is array( MAX_SIZE ) of TYPES.MAX_SIZE;
        -:   10:
        -:   11:
        -:   12:
        -:   13:
        -:   14:
        -:   15:
        -:   16:end TYPES;
